asv51_Amphora_sulcata	N/A	KJ463476|rbcl	N/A	99.240	100	2.13e-136	475
asv123_Amphora_abludens	N/A	KJ463455|rbcl	N/A	97.719	100	9.97e-130	453
asv123_Amphora_abludens	N/A	KJ463474|rbcl	N/A	96.947	99	7.76e-126	440
asv306_Thalassiophysales	N/A	MG027424|rbcl	N/A	96.140	99	1.41e-133	466
asv337_Amphora_helenensis	N/A	KT943671|rbcl	N/A	98.467	99	5.96e-132	460
asv337_Amphora_helenensis	N/A	TCC979-4|Rbcl-312bp	N/A	96.578	100	1.00e-124	436
asv337_Amphora_helenensis	N/A	TCC979-1|Rbcl-312bp	N/A	96.578	100	1.00e-124	436
asv337_Amphora_helenensis	N/A	TCC702-Rbcl-1|rbcl	N/A	96.578	100	1.00e-124	436
asv372_Halamphora	N/A	MG027494|rbcl	N/A	96.198	100	4.67e-123	431
asv372_Halamphora	N/A	MG027442|rbcl	N/A	96.198	100	4.67e-123	431
asv372_Halamphora	N/A	MG027424|rbcl	N/A	96.198	100	4.67e-123	431
asv420_Halamphora	N/A	MG027444|rbcl	N/A	97.544	99	3.01e-140	488
asv420_Halamphora	N/A	MG027467|rbcl	N/A	97.193	99	1.40e-138	483
asv420_Halamphora	N/A	MH064061|rbcl	N/A	97.193	99	1.40e-138	483
asv420_Halamphora	N/A	KT943669|rbcl	N/A	96.842	99	6.52e-137	477
asv420_Halamphora	N/A	MG027488|rbcl	N/A	96.842	99	6.52e-137	477
asv420_Halamphora	N/A	KJ463458|rbcl	N/A	96.842	99	6.52e-137	477
asv420_Halamphora	N/A	TCC477-Rbcl-1|rbcl	N/A	96.842	99	6.52e-137	477
asv420_Halamphora	N/A	MH064062|rbcl	N/A	96.491	99	3.03e-135	472
asv420_Halamphora	N/A	MG027470|rbcl	N/A	96.140	99	1.41e-133	466
asv488_Bacillariophyceae	N/A	MG027494|rbcl	N/A	96.140	99	1.41e-133	466
asv494_Amphora	N/A	MG027455|rbcl	N/A	96.552	99	1.30e-123	433
asv494_Amphora	N/A	MG027457|rbcl	N/A	96.169	99	6.04e-122	427
asv494_Amphora	N/A	KC954577|rbcl	N/A	96.169	99	6.04e-122	427
asv494_Amphora	N/A	KJ463454|rbcl	N/A	96.169	99	6.04e-122	427
asv551_Halamphora	N/A	MG027488|rbcl	N/A	96.491	99	3.03e-135	472
asv551_Halamphora	N/A	TCC477-Rbcl-1|rbcl	N/A	96.491	99	3.03e-135	472
asv551_Halamphora	N/A	MG027429|rbcl	N/A	96.140	99	1.41e-133	466
asv583_Halamphora	N/A	MG027494|rbcl	N/A	96.578	100	1.00e-124	436
asv583_Halamphora	N/A	MG027424|rbcl	N/A	96.578	100	1.00e-124	436
asv996_Amphora_abludens	N/A	KJ463455|rbcl	N/A	97.710	99	3.58e-129	451
asv996_Amphora_abludens	N/A	KJ463474|rbcl	N/A	96.198	100	4.67e-123	431
