INFO Selected: Output dir: ./
INFO Selected: Query file: blast_filtering/subset.align
INFO Selected: Tree file: /home/evan.morien/projects/parfreylab/diatbarcode_trees/stauroneidaceae/18S/RAxML_bestTree.stauroneidaceae.tree_input
INFO Selected: Reference MSA: stauroneidaceae.tree_input.trimal.fasta
INFO Selected: Automatic switching of use of per rate scalers
INFO Selected: Preserving the root of the input tree
INFO Selected: Specified model: GTR+G
INFO     ______ ____   ___           _   __ ______
        / ____// __ \ /   |         / | / // ____/
       / __/  / /_/ // /| | ______ /  |/ // / __  
      / /___ / ____// ___ |/_____// /|  // /_/ /  
     /_____//_/    /_/  |_|      /_/ |_/ \____/ (v0.3.8)
INFO Using model parameters:
INFO    Rate heterogeneity: GAMMA (4 cats, mean),  alpha: 1 (ML),  weights&rates: (0.25,0.136954) (0.25,0.476752) (0.25,1) (0.25,2.38629) 
        Base frequencies (ML): 0.25 0.25 0.25 0.25 
        Substitution rates (ML): 0.5 0.5 0.5 0.5 0.5 1
INFO Output file: ./epa_result.jplace
INFO 2 Sequences done!
INFO Time spent placing: 0s
INFO Elapsed Time: 0s
