asv184_Amphora	N/A	JQ582669|18S	N/A	98.113	53	2.90e-49	185
asv184_Amphora	N/A	JQ610160|18S	N/A	98.095	53	1.04e-48	183
asv208_Amphora	N/A	JQ582669|18S	N/A	98.901	50	1.23e-42	163
asv378_Amphora	N/A	JQ582669|18S	N/A	98.901	50	1.23e-42	163
asv508_Amphora	N/A	JQ582669|18S	N/A	98.901	50	1.23e-42	163
asv140_Bacillaria	N/A	FR865483|18S	N/A	98.361	100	6.91e-90	320
asv392_Bacillariophyceae	N/A	JQ582669|18S	N/A	98.182	55	1.73e-51	193
asv392_Bacillariophyceae	N/A	JQ610160|18S	N/A	98.165	55	6.23e-51	191
asv641_Bacillariophyceae	N/A	JQ610160|18S	N/A	99.020	51	1.04e-48	183
asv82_Bacillariophyceae	N/A	JQ582669|18S	N/A	99.010	51	3.75e-48	182
asv82_Bacillariophyceae	N/A	JQ610160|18S	N/A	99.000	50	1.35e-47	180
asv27_Cylindrotheca	N/A	FR865492|18S	N/A	100.000	100	7.46e-105	370
asv455_Cylindrotheca	N/A	FR865492|18S	N/A	98.500	100	7.51e-100	353
asv574_Bacillariophyceae	N/A	JQ582669|18S	N/A	98.913	51	3.43e-43	165
asv78_Bacillariophyceae	N/A	JQ582669|18S	N/A	98.165	55	6.23e-51	191
asv148_Navicula	N/A	JQ610161|18S	N/A	100.000	50	1.04e-48	183
asv148_Navicula	N/A	JQ582669|18S	N/A	98.077	52	3.75e-48	182
asv157_Navicula	N/A	JQ582669|18S	N/A	100.000	51	8.06e-50	187
asv157_Navicula	N/A	JQ610160|18S	N/A	99.020	51	1.04e-48	183
asv169_Navicula	N/A	JQ610161|18S	N/A	100.000	50	2.90e-49	185
asv234_Navicula	N/A	JQ610161|18S	N/A	100.000	50	1.04e-48	183
asv234_Navicula	N/A	JQ582669|18S	N/A	98.095	53	1.04e-48	183
asv234_Navicula	N/A	JQ610160|18S	N/A	98.039	51	4.85e-47	178
asv25_Navicula	N/A	JQ610161|18S	N/A	100.000	50	1.04e-48	183
asv25_Navicula	N/A	JQ582669|18S	N/A	99.010	51	3.75e-48	182
asv25_Navicula	N/A	JQ610160|18S	N/A	98.039	51	4.85e-47	178
asv262_Navicula	N/A	JQ610161|18S	N/A	100.000	50	1.04e-48	183
asv262_Navicula	N/A	JQ582669|18S	N/A	98.095	53	1.04e-48	183
asv262_Navicula	N/A	JQ610160|18S	N/A	98.039	51	4.85e-47	178
asv331_Navicula	N/A	JQ610161|18S	N/A	100.000	50	1.04e-48	183
asv331_Navicula	N/A	JQ582669|18S	N/A	98.077	52	3.75e-48	182
asv379_Navicula	N/A	JQ582669|18S	N/A	99.048	53	2.24e-50	189
asv379_Navicula	N/A	JQ610160|18S	N/A	99.020	51	1.04e-48	183
asv461_Navicula	N/A	JQ610161|18S	N/A	100.000	50	1.04e-48	183
asv461_Navicula	N/A	JQ582669|18S	N/A	98.077	52	3.75e-48	182
asv461_Navicula	N/A	JQ610160|18S	N/A	98.039	51	4.85e-47	178
asv50_Navicula	N/A	JQ610161|18S	N/A	100.000	50	1.04e-48	183
asv7_Navicula	N/A	JQ610161|18S	N/A	100.000	50	1.04e-48	183
asv7_Navicula	N/A	JQ582669|18S	N/A	98.095	53	1.04e-48	183
asv7_Navicula	N/A	JQ610160|18S	N/A	98.039	51	4.85e-47	178
asv702_Navicula	N/A	JQ610161|18S	N/A	100.000	50	1.04e-48	183
asv706_Navicula	N/A	JQ610160|18S	N/A	99.020	51	1.04e-48	183
asv206_Nitzschia	N/A	KP400270|18S	N/A	100.000	100	7.46e-105	370
asv206_Nitzschia	N/A	GQ243439|18S	N/A	98.500	100	7.51e-100	353
asv206_Nitzschia	N/A	AJ867279|18S	N/A	98.000	100	3.49e-98	348
asv226_Nitzschia	N/A	KP400273|18S	N/A	99.500	100	3.47e-103	364
asv23_Nitzschia	N/A	KP400273|18S	N/A	100.000	100	7.46e-105	370
asv23_Nitzschia	N/A	KM116104|18S	N/A	98.010	100	3.49e-98	348
asv256_Nitzschia	N/A	KM116104|18S	N/A	98.500	100	7.51e-100	353
asv256_Nitzschia	N/A	KP400273|18S	N/A	98.000	100	3.49e-98	348
asv256_Nitzschia	N/A	TCC387-18S-1|18S	N/A	98.000	100	3.49e-98	348
asv489_Bacillariophyceae	N/A	JQ582669|18S	N/A	99.010	51	3.75e-48	182
