asv184_Amphora	N/A	KJ463429|18S	N/A	99.057	53	2.88e-51	191
asv184_Amphora	N/A	KJ463427|18S	N/A	98.113	53	1.34e-49	185
asv208_Amphora	N/A	JQ081298|18S	N/A	98.901	100	6.83e-92	326
asv208_Amphora	N/A	AM501958|18S	N/A	98.352	100	3.18e-90	320
asv208_Amphora	N/A	KJ463428|18S	N/A	100.000	50	1.22e-44	169
asv208_Amphora	N/A	KJ463448|18S	N/A	100.000	50	1.22e-44	169
asv378_Amphora	N/A	JQ081298|18S	N/A	100.000	100	3.16e-95	337
asv378_Amphora	N/A	AM501958|18S	N/A	98.352	100	3.18e-90	320
asv378_Amphora	N/A	KJ463428|18S	N/A	100.000	50	1.22e-44	169
asv378_Amphora	N/A	KJ463448|18S	N/A	100.000	50	1.22e-44	169
asv508_Amphora	N/A	JQ081298|18S	N/A	98.352	100	3.18e-90	320
asv508_Amphora	N/A	KJ463428|18S	N/A	100.000	50	1.22e-44	169
asv508_Amphora	N/A	KJ463448|18S	N/A	100.000	50	1.22e-44	169
asv178_Bacillariophyceae	N/A	KJ463427|18S	N/A	98.058	52	6.24e-48	180
asv214_Bacillariophyceae	N/A	KJ463439|18S	N/A	98.020	51	8.07e-47	176
asv322_Bacillariophyceae	N/A	KJ463439|18S	N/A	98.020	51	8.07e-47	176
asv388_Bacillariophyceae	Catenulaceae sp. 94 18S ribosomal RNA gene, partial sequence	KJ961679	N/A	100.000	100	3.45e-105	370
asv388_Bacillariophyceae	N/A	KJ463446|18S	N/A	100.000	55	3.70e-55	204
asv392_Bacillariophyceae	Catenulaceae sp. 97 18S ribosomal RNA gene, partial sequence	KJ961676	N/A	100.000	100	3.45e-105	370
asv392_Bacillariophyceae	N/A	KJ463435|18S	N/A	100.000	55	3.70e-55	204
asv392_Bacillariophyceae	N/A	KJ463428|18S	N/A	98.182	55	8.01e-52	193
asv392_Bacillariophyceae	N/A	KJ463427|18S	N/A	98.182	55	8.01e-52	193
asv641_Bacillariophyceae	N/A	KJ463439|18S	N/A	100.000	52	8.01e-52	193
asv641_Bacillariophyceae	N/A	KJ463427|18S	N/A	99.038	52	3.73e-50	187
asv641_Bacillariophyceae	N/A	KJ463448|18S	N/A	98.113	53	1.34e-49	185
asv641_Bacillariophyceae	N/A	KJ463429|18S	N/A	98.077	52	1.73e-48	182
asv641_Bacillariophyceae	N/A	KJ463444|18S	N/A	98.039	51	2.24e-47	178
asv82_Bacillariophyceae	N/A	KJ463428|18S	N/A	99.010	51	1.73e-48	182
asv82_Bacillariophyceae	N/A	KJ463435|18S	N/A	99.010	51	1.73e-48	182
asv82_Bacillariophyceae	N/A	KJ463427|18S	N/A	99.010	51	1.73e-48	182
asv82_Bacillariophyceae	N/A	KJ463448|18S	N/A	98.020	51	8.07e-47	176
asv82_Bacillariophyceae	N/A	KJ463439|18S	N/A	98.020	51	8.07e-47	176
asv82_Bacillariophyceae	N/A	KJ463442|18S	N/A	98.000	50	2.90e-46	174
asv82_Bacillariophyceae	N/A	KJ463444|18S	N/A	98.000	50	2.90e-46	174
asv165_Cylindrotheca	N/A	KJ463448|18S	N/A	98.077	52	1.73e-48	182
asv27_Cylindrotheca	N/A	KJ463448|18S	N/A	98.077	52	1.73e-48	182
asv574_Bacillariophyceae	N/A	KJ463428|18S	N/A	100.000	50	1.22e-44	169
asv574_Bacillariophyceae	N/A	KJ463448|18S	N/A	100.000	50	1.22e-44	169
asv78_Bacillariophyceae	N/A	KJ463448|18S	N/A	99.083	55	6.20e-53	196
asv148_Navicula	N/A	KJ463439|18S	N/A	98.039	51	2.24e-47	178
asv157_Navicula	N/A	KJ463439|18S	N/A	99.020	51	4.82e-49	183
asv157_Navicula	N/A	KJ463448|18S	N/A	99.010	51	1.73e-48	182
asv157_Navicula	N/A	KJ463427|18S	N/A	98.039	51	2.24e-47	178
asv157_Navicula	N/A	KJ463428|18S	N/A	98.020	51	8.07e-47	176
asv157_Navicula	N/A	KJ463435|18S	N/A	98.020	51	8.07e-47	176
asv157_Navicula	N/A	KJ463429|18S	N/A	98.000	50	2.90e-46	174
asv169_Navicula	N/A	KJ463439|18S	N/A	98.095	53	4.82e-49	183
asv169_Navicula	N/A	KJ463448|18S	N/A	98.039	51	2.24e-47	178
asv202_Navicula	N/A	KJ463439|18S	N/A	99.029	52	1.34e-49	185
asv202_Navicula	N/A	KJ463448|18S	N/A	98.095	53	4.82e-49	183
asv202_Navicula	N/A	KJ463427|18S	N/A	98.058	52	6.24e-48	180
asv202_Navicula	N/A	KJ463429|18S	N/A	98.000	50	2.90e-46	174
asv234_Navicula	N/A	KJ463439|18S	N/A	98.039	51	2.24e-47	178
asv25_Navicula	N/A	KJ463439|18S	N/A	98.077	52	1.73e-48	182
asv25_Navicula	N/A	KJ463448|18S	N/A	98.020	51	8.07e-47	176
asv262_Navicula	N/A	KJ463439|18S	N/A	98.039	51	2.24e-47	178
asv292_Navicula	N/A	KJ463429|18S	N/A	98.000	50	2.90e-46	174
asv331_Navicula	N/A	KJ463439|18S	N/A	98.039	51	2.24e-47	178
asv375_Navicula	N/A	KJ463439|18S	N/A	99.020	51	4.82e-49	183
asv375_Navicula	N/A	KJ463448|18S	N/A	99.010	51	1.73e-48	182
asv375_Navicula	N/A	KJ463427|18S	N/A	98.077	52	1.73e-48	182
asv375_Navicula	N/A	KJ463428|18S	N/A	98.020	51	8.07e-47	176
asv375_Navicula	N/A	KJ463435|18S	N/A	98.020	51	8.07e-47	176
asv375_Navicula	N/A	KJ463429|18S	N/A	98.000	50	2.90e-46	174
asv379_Navicula	N/A	KJ463439|18S	N/A	99.020	51	4.82e-49	183
asv379_Navicula	N/A	KJ463448|18S	N/A	98.077	52	1.73e-48	182
asv379_Navicula	N/A	KJ463427|18S	N/A	98.039	51	2.24e-47	178
asv379_Navicula	N/A	KJ463429|18S	N/A	98.000	50	2.90e-46	174
asv41_Navicula	N/A	KJ463439|18S	N/A	98.058	52	6.24e-48	180
asv461_Navicula	N/A	KJ463439|18S	N/A	98.039	51	2.24e-47	178
asv50_Navicula	N/A	KJ463439|18S	N/A	98.039	51	2.24e-47	178
asv54_Navicula	N/A	KJ463439|18S	N/A	98.039	51	2.24e-47	178
asv66_Navicula	N/A	KJ463439|18S	N/A	99.020	51	4.82e-49	183
asv66_Navicula	N/A	KJ463448|18S	N/A	99.010	51	1.73e-48	182
asv66_Navicula	N/A	KJ463427|18S	N/A	98.077	52	1.73e-48	182
asv66_Navicula	N/A	KJ463428|18S	N/A	98.020	51	8.07e-47	176
asv66_Navicula	N/A	KJ463435|18S	N/A	98.020	51	8.07e-47	176
asv66_Navicula	N/A	KJ463429|18S	N/A	98.000	50	2.90e-46	174
asv7_Navicula	N/A	KJ463439|18S	N/A	98.039	51	2.24e-47	178
asv706_Navicula	N/A	KJ463448|18S	N/A	99.010	51	1.73e-48	182
asv706_Navicula	N/A	KJ463428|18S	N/A	98.020	51	8.07e-47	176
asv706_Navicula	N/A	KJ463435|18S	N/A	98.020	51	8.07e-47	176
asv706_Navicula	N/A	KJ463429|18S	N/A	98.000	50	2.90e-46	174
asv84_Navicula	N/A	KJ463439|18S	N/A	98.058	52	6.24e-48	180
asv114_Bacillariophyceae	N/A	KJ463448|18S	N/A	98.077	52	1.73e-48	182
asv114_Bacillariophyceae	N/A	KJ463435|18S	N/A	98.077	52	1.73e-48	182
asv114_Bacillariophyceae	N/A	KJ463439|18S	N/A	99.010	51	1.73e-48	182
asv114_Bacillariophyceae	N/A	KJ463427|18S	N/A	98.020	51	8.07e-47	176
asv114_Bacillariophyceae	N/A	KJ463429|18S	N/A	98.020	51	8.07e-47	176
asv191_Bacillariophyceae	N/A	KJ463439|18S	N/A	98.020	51	8.07e-47	176
asv206_Nitzschia	N/A	KJ463448|18S	N/A	98.095	53	4.82e-49	183
asv206_Nitzschia	N/A	KJ463435|18S	N/A	98.095	53	4.82e-49	183
asv206_Nitzschia	N/A	KJ463439|18S	N/A	99.020	51	4.82e-49	183
asv206_Nitzschia	N/A	KJ463427|18S	N/A	98.039	51	2.24e-47	178
asv206_Nitzschia	N/A	KJ463429|18S	N/A	98.020	51	8.07e-47	176
asv326_Bacillariophyceae	N/A	KJ463448|18S	N/A	98.039	51	2.24e-47	178
asv362_Nitzschia	N/A	KJ463448|18S	N/A	98.077	52	1.73e-48	182
asv362_Nitzschia	N/A	KJ463435|18S	N/A	98.077	52	1.73e-48	182
asv362_Nitzschia	N/A	KJ463439|18S	N/A	99.010	51	1.73e-48	182
asv362_Nitzschia	N/A	KJ463427|18S	N/A	98.020	51	8.07e-47	176
asv362_Nitzschia	N/A	KJ463429|18S	N/A	98.020	51	8.07e-47	176
asv489_Bacillariophyceae	N/A	KJ463448|18S	N/A	99.000	50	6.24e-48	180
asv599_Bacillariophyceae	N/A	KJ463439|18S	N/A	98.039	51	2.24e-47	178
asv599_Bacillariophyceae	N/A	KJ463442|18S	N/A	98.000	50	2.90e-46	174
asv606_Bacillariophyceae	N/A	KJ463448|18S	N/A	98.039	51	2.24e-47	178
asv764_Bacillariophyceae	N/A	KJ463448|18S	N/A	98.077	52	1.73e-48	182
asv764_Bacillariophyceae	N/A	KJ463435|18S	N/A	98.077	52	1.73e-48	182
asv764_Bacillariophyceae	N/A	KJ463439|18S	N/A	99.010	51	1.73e-48	182
asv764_Bacillariophyceae	N/A	KJ463427|18S	N/A	98.020	51	8.07e-47	176
asv764_Bacillariophyceae	N/A	KJ463429|18S	N/A	98.020	51	8.07e-47	176
asv778_Bacillariophyceae	N/A	KJ463439|18S	N/A	98.039	51	2.24e-47	178
asv122_Stauroneis	N/A	KJ463448|18S	N/A	98.077	52	1.73e-48	182
