asv1_Navicula_kongfjordensis	N/A	KP400305|rbcl	N/A	99.620	100	1.10e-137	481
asv2_Navicula_rhynchocephala_var._hankensis	N/A	KY320310|rbcl	N/A	99.620	100	1.10e-137	481
asv2_Navicula_rhynchocephala_var._hankensis	N/A	KP400305|rbcl	N/A	98.479	100	1.10e-132	464
asv4_Navicula_perminuta	N/A	KY320299|rbcl	N/A	99.620	100	1.10e-137	481
asv7_Navicula_perminuta	N/A	KY320299|rbcl	N/A	99.620	100	1.10e-137	481
asv19_Navicula_perminuta	N/A	KY320299|rbcl	N/A	100.000	100	2.36e-139	486
asv24_Navicula_kongfjordensis	N/A	KP400305|rbcl	N/A	100.000	100	2.36e-139	486
asv24_Navicula_kongfjordensis	N/A	KY320310|rbcl	N/A	98.099	100	5.14e-131	459
asv38_Haslea	N/A	MH064107|rbcl	N/A	98.958	100	3.31e-148	516
asv38_Haslea	N/A	MH064095|rbcl	N/A	98.264	100	7.17e-145	505
asv38_Haslea	N/A	KY320308|rbcl	N/A	98.264	100	7.17e-145	505
asv38_Haslea	N/A	KY320306|rbcl	N/A	98.264	100	7.17e-145	505
asv38_Haslea	N/A	KY320298|rbcl	N/A	98.264	100	7.17e-145	505
asv44_Nitzschia_recta	N/A	KY320332|rbcl	N/A	98.479	100	1.10e-132	464
asv58_Navicula_pseudacceptata	N/A	JQ432376|rbcl	N/A	100.000	100	2.36e-139	486
asv58_Navicula_pseudacceptata	N/A	UK036-rbcl|rbcl	N/A	98.859	100	2.37e-134	470
asv59_Navicula_kongfjordensis	N/A	KP400305|rbcl	N/A	99.240	100	5.10e-136	475
asv83_Haslea_howeana	N/A	MH040269|rbcl	N/A	98.479	100	1.10e-132	464
asv83_Haslea_howeana	N/A	KY320308|rbcl	N/A	98.479	100	1.10e-132	464
asv83_Haslea_howeana	N/A	KY320306|rbcl	N/A	98.479	100	1.10e-132	464
asv83_Haslea_howeana	N/A	MH040268|rbcl	N/A	98.099	100	5.14e-131	459
asv83_Haslea_howeana	N/A	KY320298|rbcl	N/A	98.099	100	5.14e-131	459
asv95_Navicula_rhynchocephala_var._hankensis	N/A	KY320310|rbcl	N/A	99.240	100	5.10e-136	475
asv95_Navicula_rhynchocephala_var._hankensis	N/A	KP400305|rbcl	N/A	98.099	100	5.14e-131	459
asv102_Haslea	N/A	MH064107|rbcl	N/A	98.611	100	1.54e-146	510
asv124_Cylindrotheca_closterium	N/A	JX970999|rbcl	N/A	99.649	99	7.12e-150	521
asv126_Nitzschia_laevis	N/A	KY320326|rbcl	N/A	99.620	100	1.10e-137	481
asv127_Navicula_sp.	N/A	MH040269|rbcl	N/A	98.099	100	5.14e-131	459
asv127_Navicula_sp.	N/A	KY320308|rbcl	N/A	98.099	100	5.14e-131	459
asv131_Navicula_pseudacceptata	N/A	JQ432376|rbcl	N/A	98.201	97	2.60e-139	486
asv149_Nitzschia_laevis	N/A	KY320326|rbcl	N/A	99.298	99	3.31e-148	516
asv160_Navicula	N/A	JQ432376|rbcl	N/A	98.859	100	2.37e-134	470
asv185_Navicula_ramosissima	N/A	MG968533|rbcl	N/A	100.000	100	2.36e-139	486
asv185_Navicula_ramosissima	N/A	KY320301|rbcl	N/A	98.479	100	1.10e-132	464
asv185_Navicula_ramosissima	N/A	MH064095|rbcl	N/A	98.099	100	5.14e-131	459
asv198_Nitzschia_laevis	N/A	KY320326|rbcl	N/A	99.620	100	1.10e-137	481
asv200_Navicula_hippodontafallax	N/A	HQ337542|rbcl	N/A	99.620	100	1.10e-137	481
asv200_Navicula_hippodontafallax	N/A	KT943661|rbcl	N/A	98.479	100	1.10e-132	464
asv205_Navicula_sp.	N/A	KY320308|rbcl	N/A	98.479	100	1.10e-132	464
asv205_Navicula_sp.	N/A	KY320306|rbcl	N/A	98.479	100	1.10e-132	464
asv205_Navicula_sp.	N/A	MH040268|rbcl	N/A	98.099	100	5.14e-131	459
asv205_Navicula_sp.	N/A	KY320298|rbcl	N/A	98.099	100	5.14e-131	459
asv208_Navicula_sp.	N/A	MH064107|rbcl	N/A	98.479	100	1.10e-132	464
asv226_Bacillariales	N/A	KY320322|rbcl	N/A	98.596	99	7.17e-145	505
asv232_Navicula_sp.	N/A	KY320308|rbcl	N/A	100.000	100	2.36e-139	486
asv232_Navicula_sp.	N/A	MH040269|rbcl	N/A	98.479	100	1.10e-132	464
asv232_Navicula_sp.	N/A	KY320306|rbcl	N/A	98.479	100	1.10e-132	464
asv232_Navicula_sp.	N/A	MH040268|rbcl	N/A	98.099	100	5.14e-131	459
asv232_Navicula_sp.	N/A	KY320298|rbcl	N/A	98.099	100	5.14e-131	459
asv243_Navicula_avium	N/A	KY937695|rbcl	N/A	98.611	100	1.54e-146	510
asv257_Navicula_avium	N/A	KY937695|rbcl	N/A	98.611	100	1.54e-146	510
asv291_Nitzschia_laevis	N/A	KY320326|rbcl	N/A	99.240	100	5.10e-136	475
asv303_Nitzschia_laevis	N/A	KY320326|rbcl	N/A	98.246	99	3.34e-143	499
asv309_Navicula_avium	N/A	KY937695|rbcl	N/A	98.099	100	5.14e-131	459
asv315_Navicula	N/A	HQ337542|rbcl	N/A	98.099	100	5.14e-131	459
asv323_Navicula_avium	N/A	KY937695|rbcl	N/A	98.859	100	2.37e-134	470
asv359_Navicula_slesvicensis	N/A	FJ002098|rbcl	N/A	98.264	100	7.17e-145	505
asv381_Navicula_perminuta	N/A	KY320299|rbcl	N/A	98.859	100	2.37e-134	470
asv401_Navicula_ramosissima	N/A	KY320295|rbcl	N/A	100.000	100	2.36e-139	486
asv434_Navicula_perminuta	N/A	KY320299|rbcl	N/A	98.479	100	1.10e-132	464
asv455_Nitzschia	N/A	KY320322|rbcl	N/A	99.620	100	1.10e-137	481
asv555_Navicula_reinhardtii	N/A	TCC951-rbcl-1|rbcl	N/A	98.099	100	5.14e-131	459
asv618_Navicula_avium	N/A	KY937695|rbcl	N/A	98.099	100	5.14e-131	459
asv932_Nitzschia	N/A	KY320322|rbcl	N/A	98.855	99	8.54e-134	468
